Performing C SOURCE FILE Test CMAKE_HAVE_LIBC_PTHREAD failed with the following output:
Change Dir: /mnt/c/Users/atlas1323/CLionProjects/SymReg/cmake-build-debug/CMakeFiles/CMakeTmp

Run Build Command(s):/usr/local/bin/ninja cmTC_873be && [1/2] Building C object CMakeFiles/cmTC_873be.dir/src.c.o
[2/2] Linking C executable cmTC_873be
FAILED: cmTC_873be 
: && /usr/bin/cc -DCMAKE_HAVE_LIBC_PTHREAD   CMakeFiles/cmTC_873be.dir/src.c.o  -o cmTC_873be   && :
/usr/bin/ld: CMakeFiles/cmTC_873be.dir/src.c.o: in function `main':
src.c:(.text+0x46): undefined reference to `pthread_create'
/usr/bin/ld: src.c:(.text+0x52): undefined reference to `pthread_detach'
/usr/bin/ld: src.c:(.text+0x63): undefined reference to `pthread_join'
collect2: error: ld returned 1 exit status
ninja: build stopped: subcommand failed.


Source file was:
#include <pthread.h>

void* test_func(void* data)
{
  return data;
}

int main(void)
{
  pthread_t thread;
  pthread_create(&thread, NULL, test_func, NULL);
  pthread_detach(thread);
  pthread_join(thread, NULL);
  pthread_atfork(NULL, NULL, NULL);
  pthread_exit(NULL);

  return 0;
}

Determining if the function pthread_create exists in the pthreads failed with the following output:
Change Dir: /mnt/c/Users/atlas1323/CLionProjects/SymReg/cmake-build-debug/CMakeFiles/CMakeTmp

Run Build Command(s):/usr/local/bin/ninja cmTC_4d8a6 && [1/2] Building C object CMakeFiles/cmTC_4d8a6.dir/CheckFunctionExists.c.o
[2/2] Linking C executable cmTC_4d8a6
FAILED: cmTC_4d8a6 
: && /usr/bin/cc -DCHECK_FUNCTION_EXISTS=pthread_create   CMakeFiles/cmTC_4d8a6.dir/CheckFunctionExists.c.o  -o cmTC_4d8a6  -lpthreads && :
/usr/bin/ld: cannot find -lpthreads
collect2: error: ld returned 1 exit status
ninja: build stopped: subcommand failed.



